C:\USERS\SHANT\ONEDRIVE\DOCUMENTS\VISUAL STUDIO 2010\PROJECTS\234101063_DIGIT RECOGNITION\234101063_DIGIT RECOGNITION\DEBUG\234101063_DIGIT RECOGNITION.EXE.EMBED.MANIFEST
C:\USERS\SHANT\ONEDRIVE\DOCUMENTS\VISUAL STUDIO 2010\PROJECTS\234101063_DIGIT RECOGNITION\234101063_DIGIT RECOGNITION\DEBUG\234101063_DIGIT RECOGNITION.EXE.EMBED.MANIFEST.RES
C:\USERS\SHANT\ONEDRIVE\DOCUMENTS\VISUAL STUDIO 2010\PROJECTS\234101063_DIGIT RECOGNITION\234101063_DIGIT RECOGNITION\DEBUG\234101063_DIGIT RECOGNITION.EXE.INTERMEDIATE.MANIFEST
C:\USERS\SHANT\ONEDRIVE\DOCUMENTS\VISUAL STUDIO 2010\PROJECTS\234101063_DIGIT RECOGNITION\234101063_DIGIT RECOGNITION\DEBUG\234101063_DIGIT RECOGNITION.OBJ
C:\USERS\SHANT\ONEDRIVE\DOCUMENTS\VISUAL STUDIO 2010\PROJECTS\234101063_DIGIT RECOGNITION\234101063_DIGIT RECOGNITION\DEBUG\234101063_DIGIT RECOGNITION.PCH
C:\Users\shant\OneDrive\documents\visual studio 2010\Projects\234101063_Digit Recognition\234101063_Digit Recognition\Debug\234101063_Digit Recognition.write.1.tlog
C:\Users\shant\OneDrive\documents\visual studio 2010\Projects\234101063_Digit Recognition\234101063_Digit Recognition\Debug\234101063_Digit Recognition_manifest.rc
C:\Users\shant\OneDrive\documents\visual studio 2010\Projects\234101063_Digit Recognition\234101063_Digit Recognition\Debug\cl.command.1.tlog
C:\Users\shant\OneDrive\documents\visual studio 2010\Projects\234101063_Digit Recognition\234101063_Digit Recognition\Debug\CL.read.1.tlog
C:\Users\shant\OneDrive\documents\visual studio 2010\Projects\234101063_Digit Recognition\234101063_Digit Recognition\Debug\CL.write.1.tlog
C:\Users\shant\OneDrive\documents\visual studio 2010\Projects\234101063_Digit Recognition\234101063_Digit Recognition\Debug\link.32080.read.1.tlog
C:\Users\shant\OneDrive\documents\visual studio 2010\Projects\234101063_Digit Recognition\234101063_Digit Recognition\Debug\link.32080.write.1.tlog
C:\Users\shant\OneDrive\documents\visual studio 2010\Projects\234101063_Digit Recognition\234101063_Digit Recognition\Debug\link.32080-cvtres.read.1.tlog
C:\Users\shant\OneDrive\documents\visual studio 2010\Projects\234101063_Digit Recognition\234101063_Digit Recognition\Debug\link.32080-cvtres.write.1.tlog
C:\Users\shant\OneDrive\documents\visual studio 2010\Projects\234101063_Digit Recognition\234101063_Digit Recognition\Debug\link.command.1.tlog
C:\Users\shant\OneDrive\documents\visual studio 2010\Projects\234101063_Digit Recognition\234101063_Digit Recognition\Debug\link.read.1.tlog
C:\Users\shant\OneDrive\documents\visual studio 2010\Projects\234101063_Digit Recognition\234101063_Digit Recognition\Debug\link.write.1.tlog
C:\Users\shant\OneDrive\documents\visual studio 2010\Projects\234101063_Digit Recognition\234101063_Digit Recognition\Debug\link-cvtres.read.1.tlog
C:\Users\shant\OneDrive\documents\visual studio 2010\Projects\234101063_Digit Recognition\234101063_Digit Recognition\Debug\link-cvtres.write.1.tlog
C:\Users\shant\OneDrive\documents\visual studio 2010\Projects\234101063_Digit Recognition\234101063_Digit Recognition\Debug\mt.command.1.tlog
C:\Users\shant\OneDrive\documents\visual studio 2010\Projects\234101063_Digit Recognition\234101063_Digit Recognition\Debug\mt.read.1.tlog
C:\Users\shant\OneDrive\documents\visual studio 2010\Projects\234101063_Digit Recognition\234101063_Digit Recognition\Debug\mt.write.1.tlog
C:\Users\shant\OneDrive\documents\visual studio 2010\Projects\234101063_Digit Recognition\234101063_Digit Recognition\Debug\rc.command.1.tlog
C:\Users\shant\OneDrive\documents\visual studio 2010\Projects\234101063_Digit Recognition\234101063_Digit Recognition\Debug\rc.read.1.tlog
C:\Users\shant\OneDrive\documents\visual studio 2010\Projects\234101063_Digit Recognition\234101063_Digit Recognition\Debug\rc.write.1.tlog
C:\USERS\SHANT\ONEDRIVE\DOCUMENTS\VISUAL STUDIO 2010\PROJECTS\234101063_DIGIT RECOGNITION\234101063_DIGIT RECOGNITION\DEBUG\STDAFX.OBJ
C:\Users\shant\OneDrive\documents\visual studio 2010\Projects\234101063_Digit Recognition\234101063_Digit Recognition\Debug\vc100.idb
C:\USERS\SHANT\ONEDRIVE\DOCUMENTS\VISUAL STUDIO 2010\PROJECTS\234101063_DIGIT RECOGNITION\234101063_DIGIT RECOGNITION\DEBUG\VC100.PDB
C:\USERS\SHANT\ONEDRIVE\DOCUMENTS\VISUAL STUDIO 2010\PROJECTS\234101063_DIGIT RECOGNITION\DEBUG\234101063_DIGIT RECOGNITION.EXE
C:\USERS\SHANT\ONEDRIVE\DOCUMENTS\VISUAL STUDIO 2010\PROJECTS\234101063_DIGIT RECOGNITION\DEBUG\234101063_DIGIT RECOGNITION.ILK
C:\USERS\SHANT\ONEDRIVE\DOCUMENTS\VISUAL STUDIO 2010\PROJECTS\234101063_DIGIT RECOGNITION\DEBUG\234101063_DIGIT RECOGNITION.PDB
