Build started 29-10-2023 22:58:13.
     1>Project "C:\Users\shant\OneDrive\documents\visual studio 2010\Projects\234101063_Digit Recognition\234101063_Digit Recognition\234101063_Digit Recognition.vcxproj" on node 2 (build target(s)).
     1>InitializeBuildStatus:
         Creating "Debug\234101063_Digit Recognition.unsuccessfulbuild" because "AlwaysCreate" was specified.
       ClCompile:
         All outputs are up-to-date.
         C:\Program Files (x86)\Microsoft Visual Studio 10.0\VC\bin\CL.exe /c /ZI /nologo /W3 /WX- /Od /Oy- /D WIN32 /D _DEBUG /D _CONSOLE /D _UNICODE /D UNICODE /Gm /EHsc /RTC1 /MDd /GS /fp:precise /Zc:wchar_t /Zc:forScope /Yu"StdAfx.h" /Fp"Debug\234101063_Digit Recognition.pch" /Fo"Debug\\" /Fd"Debug\vc100.pdb" /Gd /TP /analyze- /errorReport:prompt "234101063_Digit Recognition.cpp"
         234101063_Digit Recognition.cpp
     1>c:\users\shant\onedrive\documents\visual studio 2010\projects\234101063_digit recognition\234101063_digit recognition\234101063_digit recognition.cpp(82): warning C4996: 'fopen': This function or variable may be unsafe. Consider using fopen_s instead. To disable deprecation, use _CRT_SECURE_NO_WARNINGS. See online help for details.
                 c:\program files (x86)\microsoft visual studio 10.0\vc\include\stdio.h(234) : see declaration of 'fopen'
     1>c:\users\shant\onedrive\documents\visual studio 2010\projects\234101063_digit recognition\234101063_digit recognition\234101063_digit recognition.cpp(94): warning C4996: 'fscanf': This function or variable may be unsafe. Consider using fscanf_s instead. To disable deprecation, use _CRT_SECURE_NO_WARNINGS. See online help for details.
                 c:\program files (x86)\microsoft visual studio 10.0\vc\include\stdio.h(253) : see declaration of 'fscanf'
     1>c:\users\shant\onedrive\documents\visual studio 2010\projects\234101063_digit recognition\234101063_digit recognition\234101063_digit recognition.cpp(108): warning C4996: 'fscanf': This function or variable may be unsafe. Consider using fscanf_s instead. To disable deprecation, use _CRT_SECURE_NO_WARNINGS. See online help for details.
                 c:\program files (x86)\microsoft visual studio 10.0\vc\include\stdio.h(253) : see declaration of 'fscanf'
     1>c:\users\shant\onedrive\documents\visual studio 2010\projects\234101063_digit recognition\234101063_digit recognition\234101063_digit recognition.cpp(314): warning C4996: 'fopen': This function or variable may be unsafe. Consider using fopen_s instead. To disable deprecation, use _CRT_SECURE_NO_WARNINGS. See online help for details.
                 c:\program files (x86)\microsoft visual studio 10.0\vc\include\stdio.h(234) : see declaration of 'fopen'
     1>c:\users\shant\onedrive\documents\visual studio 2010\projects\234101063_digit recognition\234101063_digit recognition\234101063_digit recognition.cpp(433): warning C4996: 'fopen': This function or variable may be unsafe. Consider using fopen_s instead. To disable deprecation, use _CRT_SECURE_NO_WARNINGS. See online help for details.
                 c:\program files (x86)\microsoft visual studio 10.0\vc\include\stdio.h(234) : see declaration of 'fopen'
     1>c:\users\shant\onedrive\documents\visual studio 2010\projects\234101063_digit recognition\234101063_digit recognition\234101063_digit recognition.cpp(598): warning C4996: 'fopen': This function or variable may be unsafe. Consider using fopen_s instead. To disable deprecation, use _CRT_SECURE_NO_WARNINGS. See online help for details.
                 c:\program files (x86)\microsoft visual studio 10.0\vc\include\stdio.h(234) : see declaration of 'fopen'
     1>c:\users\shant\onedrive\documents\visual studio 2010\projects\234101063_digit recognition\234101063_digit recognition\234101063_digit recognition.cpp(668): warning C4996: 'fopen': This function or variable may be unsafe. Consider using fopen_s instead. To disable deprecation, use _CRT_SECURE_NO_WARNINGS. See online help for details.
                 c:\program files (x86)\microsoft visual studio 10.0\vc\include\stdio.h(234) : see declaration of 'fopen'
     1>c:\users\shant\onedrive\documents\visual studio 2010\projects\234101063_digit recognition\234101063_digit recognition\234101063_digit recognition.cpp(781): warning C4996: '_snprintf': This function or variable may be unsafe. Consider using _snprintf_s instead. To disable deprecation, use _CRT_SECURE_NO_WARNINGS. See online help for details.
                 c:\program files (x86)\microsoft visual studio 10.0\vc\include\stdio.h(363) : see declaration of '_snprintf'
     1>c:\users\shant\onedrive\documents\visual studio 2010\projects\234101063_digit recognition\234101063_digit recognition\234101063_digit recognition.cpp(782): warning C4996: 'fopen': This function or variable may be unsafe. Consider using fopen_s instead. To disable deprecation, use _CRT_SECURE_NO_WARNINGS. See online help for details.
                 c:\program files (x86)\microsoft visual studio 10.0\vc\include\stdio.h(234) : see declaration of 'fopen'
     1>c:\users\shant\onedrive\documents\visual studio 2010\projects\234101063_digit recognition\234101063_digit recognition\234101063_digit recognition.cpp(792): warning C4996: 'fscanf': This function or variable may be unsafe. Consider using fscanf_s instead. To disable deprecation, use _CRT_SECURE_NO_WARNINGS. See online help for details.
                 c:\program files (x86)\microsoft visual studio 10.0\vc\include\stdio.h(253) : see declaration of 'fscanf'
     1>c:\users\shant\onedrive\documents\visual studio 2010\projects\234101063_digit recognition\234101063_digit recognition\234101063_digit recognition.cpp(800): warning C4996: '_snprintf': This function or variable may be unsafe. Consider using _snprintf_s instead. To disable deprecation, use _CRT_SECURE_NO_WARNINGS. See online help for details.
                 c:\program files (x86)\microsoft visual studio 10.0\vc\include\stdio.h(363) : see declaration of '_snprintf'
     1>c:\users\shant\onedrive\documents\visual studio 2010\projects\234101063_digit recognition\234101063_digit recognition\234101063_digit recognition.cpp(801): warning C4996: 'fopen': This function or variable may be unsafe. Consider using fopen_s instead. To disable deprecation, use _CRT_SECURE_NO_WARNINGS. See online help for details.
                 c:\program files (x86)\microsoft visual studio 10.0\vc\include\stdio.h(234) : see declaration of 'fopen'
     1>c:\users\shant\onedrive\documents\visual studio 2010\projects\234101063_digit recognition\234101063_digit recognition\234101063_digit recognition.cpp(806): warning C4996: 'fscanf': This function or variable may be unsafe. Consider using fscanf_s instead. To disable deprecation, use _CRT_SECURE_NO_WARNINGS. See online help for details.
                 c:\program files (x86)\microsoft visual studio 10.0\vc\include\stdio.h(253) : see declaration of 'fscanf'
     1>c:\users\shant\onedrive\documents\visual studio 2010\projects\234101063_digit recognition\234101063_digit recognition\234101063_digit recognition.cpp(812): warning C4996: 'fopen': This function or variable may be unsafe. Consider using fopen_s instead. To disable deprecation, use _CRT_SECURE_NO_WARNINGS. See online help for details.
                 c:\program files (x86)\microsoft visual studio 10.0\vc\include\stdio.h(234) : see declaration of 'fopen'
     1>c:\users\shant\onedrive\documents\visual studio 2010\projects\234101063_digit recognition\234101063_digit recognition\234101063_digit recognition.cpp(815): warning C4996: 'fscanf': This function or variable may be unsafe. Consider using fscanf_s instead. To disable deprecation, use _CRT_SECURE_NO_WARNINGS. See online help for details.
                 c:\program files (x86)\microsoft visual studio 10.0\vc\include\stdio.h(253) : see declaration of 'fscanf'
     1>c:\users\shant\onedrive\documents\visual studio 2010\projects\234101063_digit recognition\234101063_digit recognition\234101063_digit recognition.cpp(819): warning C4996: 'fopen': This function or variable may be unsafe. Consider using fopen_s instead. To disable deprecation, use _CRT_SECURE_NO_WARNINGS. See online help for details.
                 c:\program files (x86)\microsoft visual studio 10.0\vc\include\stdio.h(234) : see declaration of 'fopen'
     1>c:\users\shant\onedrive\documents\visual studio 2010\projects\234101063_digit recognition\234101063_digit recognition\234101063_digit recognition.cpp(822): warning C4996: 'fscanf': This function or variable may be unsafe. Consider using fscanf_s instead. To disable deprecation, use _CRT_SECURE_NO_WARNINGS. See online help for details.
                 c:\program files (x86)\microsoft visual studio 10.0\vc\include\stdio.h(253) : see declaration of 'fscanf'
     1>c:\users\shant\onedrive\documents\visual studio 2010\projects\234101063_digit recognition\234101063_digit recognition\234101063_digit recognition.cpp(846): warning C4996: '_snprintf': This function or variable may be unsafe. Consider using _snprintf_s instead. To disable deprecation, use _CRT_SECURE_NO_WARNINGS. See online help for details.
                 c:\program files (x86)\microsoft visual studio 10.0\vc\include\stdio.h(363) : see declaration of '_snprintf'
     1>c:\users\shant\onedrive\documents\visual studio 2010\projects\234101063_digit recognition\234101063_digit recognition\234101063_digit recognition.cpp(847): warning C4996: 'fopen': This function or variable may be unsafe. Consider using fopen_s instead. To disable deprecation, use _CRT_SECURE_NO_WARNINGS. See online help for details.
                 c:\program files (x86)\microsoft visual studio 10.0\vc\include\stdio.h(234) : see declaration of 'fopen'
     1>c:\users\shant\onedrive\documents\visual studio 2010\projects\234101063_digit recognition\234101063_digit recognition\234101063_digit recognition.cpp(860): warning C4996: '_snprintf': This function or variable may be unsafe. Consider using _snprintf_s instead. To disable deprecation, use _CRT_SECURE_NO_WARNINGS. See online help for details.
                 c:\program files (x86)\microsoft visual studio 10.0\vc\include\stdio.h(363) : see declaration of '_snprintf'
     1>c:\users\shant\onedrive\documents\visual studio 2010\projects\234101063_digit recognition\234101063_digit recognition\234101063_digit recognition.cpp(861): warning C4996: 'fopen': This function or variable may be unsafe. Consider using fopen_s instead. To disable deprecation, use _CRT_SECURE_NO_WARNINGS. See online help for details.
                 c:\program files (x86)\microsoft visual studio 10.0\vc\include\stdio.h(234) : see declaration of 'fopen'
     1>c:\users\shant\onedrive\documents\visual studio 2010\projects\234101063_digit recognition\234101063_digit recognition\234101063_digit recognition.cpp(881): warning C4996: '_snprintf': This function or variable may be unsafe. Consider using _snprintf_s instead. To disable deprecation, use _CRT_SECURE_NO_WARNINGS. See online help for details.
                 c:\program files (x86)\microsoft visual studio 10.0\vc\include\stdio.h(363) : see declaration of '_snprintf'
     1>c:\users\shant\onedrive\documents\visual studio 2010\projects\234101063_digit recognition\234101063_digit recognition\234101063_digit recognition.cpp(882): warning C4996: 'fopen': This function or variable may be unsafe. Consider using fopen_s instead. To disable deprecation, use _CRT_SECURE_NO_WARNINGS. See online help for details.
                 c:\program files (x86)\microsoft visual studio 10.0\vc\include\stdio.h(234) : see declaration of 'fopen'
     1>c:\users\shant\onedrive\documents\visual studio 2010\projects\234101063_digit recognition\234101063_digit recognition\234101063_digit recognition.cpp(887): warning C4996: 'fscanf': This function or variable may be unsafe. Consider using fscanf_s instead. To disable deprecation, use _CRT_SECURE_NO_WARNINGS. See online help for details.
                 c:\program files (x86)\microsoft visual studio 10.0\vc\include\stdio.h(253) : see declaration of 'fscanf'
     1>c:\users\shant\onedrive\documents\visual studio 2010\projects\234101063_digit recognition\234101063_digit recognition\234101063_digit recognition.cpp(893): warning C4996: '_snprintf': This function or variable may be unsafe. Consider using _snprintf_s instead. To disable deprecation, use _CRT_SECURE_NO_WARNINGS. See online help for details.
                 c:\program files (x86)\microsoft visual studio 10.0\vc\include\stdio.h(363) : see declaration of '_snprintf'
     1>c:\users\shant\onedrive\documents\visual studio 2010\projects\234101063_digit recognition\234101063_digit recognition\234101063_digit recognition.cpp(894): warning C4996: 'fopen': This function or variable may be unsafe. Consider using fopen_s instead. To disable deprecation, use _CRT_SECURE_NO_WARNINGS. See online help for details.
                 c:\program files (x86)\microsoft visual studio 10.0\vc\include\stdio.h(234) : see declaration of 'fopen'
     1>c:\users\shant\onedrive\documents\visual studio 2010\projects\234101063_digit recognition\234101063_digit recognition\234101063_digit recognition.cpp(899): warning C4996: 'fscanf': This function or variable may be unsafe. Consider using fscanf_s instead. To disable deprecation, use _CRT_SECURE_NO_WARNINGS. See online help for details.
                 c:\program files (x86)\microsoft visual studio 10.0\vc\include\stdio.h(253) : see declaration of 'fscanf'
     1>c:\users\shant\onedrive\documents\visual studio 2010\projects\234101063_digit recognition\234101063_digit recognition\234101063_digit recognition.cpp(908): warning C4996: '_snprintf': This function or variable may be unsafe. Consider using _snprintf_s instead. To disable deprecation, use _CRT_SECURE_NO_WARNINGS. See online help for details.
                 c:\program files (x86)\microsoft visual studio 10.0\vc\include\stdio.h(363) : see declaration of '_snprintf'
     1>c:\users\shant\onedrive\documents\visual studio 2010\projects\234101063_digit recognition\234101063_digit recognition\234101063_digit recognition.cpp(909): warning C4996: 'fopen': This function or variable may be unsafe. Consider using fopen_s instead. To disable deprecation, use _CRT_SECURE_NO_WARNINGS. See online help for details.
                 c:\program files (x86)\microsoft visual studio 10.0\vc\include\stdio.h(234) : see declaration of 'fopen'
     1>c:\users\shant\onedrive\documents\visual studio 2010\projects\234101063_digit recognition\234101063_digit recognition\234101063_digit recognition.cpp(919): warning C4996: '_snprintf': This function or variable may be unsafe. Consider using _snprintf_s instead. To disable deprecation, use _CRT_SECURE_NO_WARNINGS. See online help for details.
                 c:\program files (x86)\microsoft visual studio 10.0\vc\include\stdio.h(363) : see declaration of '_snprintf'
     1>c:\users\shant\onedrive\documents\visual studio 2010\projects\234101063_digit recognition\234101063_digit recognition\234101063_digit recognition.cpp(920): warning C4996: 'fopen': This function or variable may be unsafe. Consider using fopen_s instead. To disable deprecation, use _CRT_SECURE_NO_WARNINGS. See online help for details.
                 c:\program files (x86)\microsoft visual studio 10.0\vc\include\stdio.h(234) : see declaration of 'fopen'
     1>c:\users\shant\onedrive\documents\visual studio 2010\projects\234101063_digit recognition\234101063_digit recognition\234101063_digit recognition.cpp(935): warning C4996: '_snprintf': This function or variable may be unsafe. Consider using _snprintf_s instead. To disable deprecation, use _CRT_SECURE_NO_WARNINGS. See online help for details.
                 c:\program files (x86)\microsoft visual studio 10.0\vc\include\stdio.h(363) : see declaration of '_snprintf'
     1>c:\users\shant\onedrive\documents\visual studio 2010\projects\234101063_digit recognition\234101063_digit recognition\234101063_digit recognition.cpp(936): warning C4996: 'fopen': This function or variable may be unsafe. Consider using fopen_s instead. To disable deprecation, use _CRT_SECURE_NO_WARNINGS. See online help for details.
                 c:\program files (x86)\microsoft visual studio 10.0\vc\include\stdio.h(234) : see declaration of 'fopen'
     1>c:\users\shant\onedrive\documents\visual studio 2010\projects\234101063_digit recognition\234101063_digit recognition\234101063_digit recognition.cpp(947): warning C4996: '_snprintf': This function or variable may be unsafe. Consider using _snprintf_s instead. To disable deprecation, use _CRT_SECURE_NO_WARNINGS. See online help for details.
                 c:\program files (x86)\microsoft visual studio 10.0\vc\include\stdio.h(363) : see declaration of '_snprintf'
     1>c:\users\shant\onedrive\documents\visual studio 2010\projects\234101063_digit recognition\234101063_digit recognition\234101063_digit recognition.cpp(948): warning C4996: 'fopen': This function or variable may be unsafe. Consider using fopen_s instead. To disable deprecation, use _CRT_SECURE_NO_WARNINGS. See online help for details.
                 c:\program files (x86)\microsoft visual studio 10.0\vc\include\stdio.h(234) : see declaration of 'fopen'
     1>c:\users\shant\onedrive\documents\visual studio 2010\projects\234101063_digit recognition\234101063_digit recognition\234101063_digit recognition.cpp(966): warning C4996: '_snprintf': This function or variable may be unsafe. Consider using _snprintf_s instead. To disable deprecation, use _CRT_SECURE_NO_WARNINGS. See online help for details.
                 c:\program files (x86)\microsoft visual studio 10.0\vc\include\stdio.h(363) : see declaration of '_snprintf'
     1>c:\users\shant\onedrive\documents\visual studio 2010\projects\234101063_digit recognition\234101063_digit recognition\234101063_digit recognition.cpp(967): warning C4996: 'fopen': This function or variable may be unsafe. Consider using fopen_s instead. To disable deprecation, use _CRT_SECURE_NO_WARNINGS. See online help for details.
                 c:\program files (x86)\microsoft visual studio 10.0\vc\include\stdio.h(234) : see declaration of 'fopen'
     1>c:\users\shant\onedrive\documents\visual studio 2010\projects\234101063_digit recognition\234101063_digit recognition\234101063_digit recognition.cpp(973): warning C4996: 'fscanf': This function or variable may be unsafe. Consider using fscanf_s instead. To disable deprecation, use _CRT_SECURE_NO_WARNINGS. See online help for details.
                 c:\program files (x86)\microsoft visual studio 10.0\vc\include\stdio.h(253) : see declaration of 'fscanf'
     1>c:\users\shant\onedrive\documents\visual studio 2010\projects\234101063_digit recognition\234101063_digit recognition\234101063_digit recognition.cpp(979): warning C4996: '_snprintf': This function or variable may be unsafe. Consider using _snprintf_s instead. To disable deprecation, use _CRT_SECURE_NO_WARNINGS. See online help for details.
                 c:\program files (x86)\microsoft visual studio 10.0\vc\include\stdio.h(363) : see declaration of '_snprintf'
     1>c:\users\shant\onedrive\documents\visual studio 2010\projects\234101063_digit recognition\234101063_digit recognition\234101063_digit recognition.cpp(980): warning C4996: 'fopen': This function or variable may be unsafe. Consider using fopen_s instead. To disable deprecation, use _CRT_SECURE_NO_WARNINGS. See online help for details.
                 c:\program files (x86)\microsoft visual studio 10.0\vc\include\stdio.h(234) : see declaration of 'fopen'
     1>c:\users\shant\onedrive\documents\visual studio 2010\projects\234101063_digit recognition\234101063_digit recognition\234101063_digit recognition.cpp(983): warning C4996: 'fscanf': This function or variable may be unsafe. Consider using fscanf_s instead. To disable deprecation, use _CRT_SECURE_NO_WARNINGS. See online help for details.
                 c:\program files (x86)\microsoft visual studio 10.0\vc\include\stdio.h(253) : see declaration of 'fscanf'
     1>c:\users\shant\onedrive\documents\visual studio 2010\projects\234101063_digit recognition\234101063_digit recognition\234101063_digit recognition.cpp(988): warning C4996: 'fopen': This function or variable may be unsafe. Consider using fopen_s instead. To disable deprecation, use _CRT_SECURE_NO_WARNINGS. See online help for details.
                 c:\program files (x86)\microsoft visual studio 10.0\vc\include\stdio.h(234) : see declaration of 'fopen'
     1>c:\users\shant\onedrive\documents\visual studio 2010\projects\234101063_digit recognition\234101063_digit recognition\234101063_digit recognition.cpp(991): warning C4996: 'fscanf': This function or variable may be unsafe. Consider using fscanf_s instead. To disable deprecation, use _CRT_SECURE_NO_WARNINGS. See online help for details.
                 c:\program files (x86)\microsoft visual studio 10.0\vc\include\stdio.h(253) : see declaration of 'fscanf'
     1>c:\users\shant\onedrive\documents\visual studio 2010\projects\234101063_digit recognition\234101063_digit recognition\234101063_digit recognition.cpp(995): warning C4996: 'fopen': This function or variable may be unsafe. Consider using fopen_s instead. To disable deprecation, use _CRT_SECURE_NO_WARNINGS. See online help for details.
                 c:\program files (x86)\microsoft visual studio 10.0\vc\include\stdio.h(234) : see declaration of 'fopen'
     1>c:\users\shant\onedrive\documents\visual studio 2010\projects\234101063_digit recognition\234101063_digit recognition\234101063_digit recognition.cpp(998): warning C4996: 'fscanf': This function or variable may be unsafe. Consider using fscanf_s instead. To disable deprecation, use _CRT_SECURE_NO_WARNINGS. See online help for details.
                 c:\program files (x86)\microsoft visual studio 10.0\vc\include\stdio.h(253) : see declaration of 'fscanf'
     1>c:\users\shant\onedrive\documents\visual studio 2010\projects\234101063_digit recognition\234101063_digit recognition\234101063_digit recognition.cpp(1026): warning C4996: '_snprintf': This function or variable may be unsafe. Consider using _snprintf_s instead. To disable deprecation, use _CRT_SECURE_NO_WARNINGS. See online help for details.
                 c:\program files (x86)\microsoft visual studio 10.0\vc\include\stdio.h(363) : see declaration of '_snprintf'
     1>c:\users\shant\onedrive\documents\visual studio 2010\projects\234101063_digit recognition\234101063_digit recognition\234101063_digit recognition.cpp(1028): warning C4996: '_snprintf': This function or variable may be unsafe. Consider using _snprintf_s instead. To disable deprecation, use _CRT_SECURE_NO_WARNINGS. See online help for details.
                 c:\program files (x86)\microsoft visual studio 10.0\vc\include\stdio.h(363) : see declaration of '_snprintf'
     1>c:\users\shant\onedrive\documents\visual studio 2010\projects\234101063_digit recognition\234101063_digit recognition\234101063_digit recognition.cpp(1030): warning C4996: '_snprintf': This function or variable may be unsafe. Consider using _snprintf_s instead. To disable deprecation, use _CRT_SECURE_NO_WARNINGS. See online help for details.
                 c:\program files (x86)\microsoft visual studio 10.0\vc\include\stdio.h(363) : see declaration of '_snprintf'
     1>c:\users\shant\onedrive\documents\visual studio 2010\projects\234101063_digit recognition\234101063_digit recognition\234101063_digit recognition.cpp(1032): warning C4996: '_snprintf': This function or variable may be unsafe. Consider using _snprintf_s instead. To disable deprecation, use _CRT_SECURE_NO_WARNINGS. See online help for details.
                 c:\program files (x86)\microsoft visual studio 10.0\vc\include\stdio.h(363) : see declaration of '_snprintf'
     1>c:\users\shant\onedrive\documents\visual studio 2010\projects\234101063_digit recognition\234101063_digit recognition\234101063_digit recognition.cpp(1034): warning C4996: '_snprintf': This function or variable may be unsafe. Consider using _snprintf_s instead. To disable deprecation, use _CRT_SECURE_NO_WARNINGS. See online help for details.
                 c:\program files (x86)\microsoft visual studio 10.0\vc\include\stdio.h(363) : see declaration of '_snprintf'
     1>c:\users\shant\onedrive\documents\visual studio 2010\projects\234101063_digit recognition\234101063_digit recognition\234101063_digit recognition.cpp(1036): warning C4996: '_snprintf': This function or variable may be unsafe. Consider using _snprintf_s instead. To disable deprecation, use _CRT_SECURE_NO_WARNINGS. See online help for details.
                 c:\program files (x86)\microsoft visual studio 10.0\vc\include\stdio.h(363) : see declaration of '_snprintf'
     1>c:\users\shant\onedrive\documents\visual studio 2010\projects\234101063_digit recognition\234101063_digit recognition\234101063_digit recognition.cpp(1045): warning C4996: '_snprintf': This function or variable may be unsafe. Consider using _snprintf_s instead. To disable deprecation, use _CRT_SECURE_NO_WARNINGS. See online help for details.
                 c:\program files (x86)\microsoft visual studio 10.0\vc\include\stdio.h(363) : see declaration of '_snprintf'
     1>c:\users\shant\onedrive\documents\visual studio 2010\projects\234101063_digit recognition\234101063_digit recognition\234101063_digit recognition.cpp(1061): warning C4996: '_snprintf': This function or variable may be unsafe. Consider using _snprintf_s instead. To disable deprecation, use _CRT_SECURE_NO_WARNINGS. See online help for details.
                 c:\program files (x86)\microsoft visual studio 10.0\vc\include\stdio.h(363) : see declaration of '_snprintf'
     1>c:\users\shant\onedrive\documents\visual studio 2010\projects\234101063_digit recognition\234101063_digit recognition\234101063_digit recognition.cpp(1087): warning C4996: 'fopen': This function or variable may be unsafe. Consider using fopen_s instead. To disable deprecation, use _CRT_SECURE_NO_WARNINGS. See online help for details.
                 c:\program files (x86)\microsoft visual studio 10.0\vc\include\stdio.h(234) : see declaration of 'fopen'
     1>c:\users\shant\onedrive\documents\visual studio 2010\projects\234101063_digit recognition\234101063_digit recognition\234101063_digit recognition.cpp(1091): warning C4996: '_snprintf': This function or variable may be unsafe. Consider using _snprintf_s instead. To disable deprecation, use _CRT_SECURE_NO_WARNINGS. See online help for details.
                 c:\program files (x86)\microsoft visual studio 10.0\vc\include\stdio.h(363) : see declaration of '_snprintf'
     1>c:\users\shant\onedrive\documents\visual studio 2010\projects\234101063_digit recognition\234101063_digit recognition\234101063_digit recognition.cpp(1097): warning C4996: 'fopen': This function or variable may be unsafe. Consider using fopen_s instead. To disable deprecation, use _CRT_SECURE_NO_WARNINGS. See online help for details.
                 c:\program files (x86)\microsoft visual studio 10.0\vc\include\stdio.h(234) : see declaration of 'fopen'
     1>c:\users\shant\onedrive\documents\visual studio 2010\projects\234101063_digit recognition\234101063_digit recognition\234101063_digit recognition.cpp(1106): warning C4996: 'fscanf': This function or variable may be unsafe. Consider using fscanf_s instead. To disable deprecation, use _CRT_SECURE_NO_WARNINGS. See online help for details.
                 c:\program files (x86)\microsoft visual studio 10.0\vc\include\stdio.h(253) : see declaration of 'fscanf'
     1>c:\users\shant\onedrive\documents\visual studio 2010\projects\234101063_digit recognition\234101063_digit recognition\234101063_digit recognition.cpp(1118): warning C4996: 'fopen': This function or variable may be unsafe. Consider using fopen_s instead. To disable deprecation, use _CRT_SECURE_NO_WARNINGS. See online help for details.
                 c:\program files (x86)\microsoft visual studio 10.0\vc\include\stdio.h(234) : see declaration of 'fopen'
     1>c:\users\shant\onedrive\documents\visual studio 2010\projects\234101063_digit recognition\234101063_digit recognition\234101063_digit recognition.cpp(1133): warning C4996: 'fopen': This function or variable may be unsafe. Consider using fopen_s instead. To disable deprecation, use _CRT_SECURE_NO_WARNINGS. See online help for details.
                 c:\program files (x86)\microsoft visual studio 10.0\vc\include\stdio.h(234) : see declaration of 'fopen'
     1>c:\users\shant\onedrive\documents\visual studio 2010\projects\234101063_digit recognition\234101063_digit recognition\234101063_digit recognition.cpp(1140): warning C4996: 'fscanf': This function or variable may be unsafe. Consider using fscanf_s instead. To disable deprecation, use _CRT_SECURE_NO_WARNINGS. See online help for details.
                 c:\program files (x86)\microsoft visual studio 10.0\vc\include\stdio.h(253) : see declaration of 'fscanf'
     1>c:\users\shant\onedrive\documents\visual studio 2010\projects\234101063_digit recognition\234101063_digit recognition\234101063_digit recognition.cpp(1155): warning C4996: 'scanf': This function or variable may be unsafe. Consider using scanf_s instead. To disable deprecation, use _CRT_SECURE_NO_WARNINGS. See online help for details.
                 c:\program files (x86)\microsoft visual studio 10.0\vc\include\stdio.h(304) : see declaration of 'scanf'
       ManifestResourceCompile:
         All outputs are up-to-date.
       Link:
         C:\Program Files (x86)\Microsoft Visual Studio 10.0\VC\bin\link.exe /ERRORREPORT:PROMPT /OUT:"C:\Users\shant\onedrive\documents\visual studio 2010\Projects\234101063_Digit Recognition\Debug\234101063_Digit Recognition.exe" /INCREMENTAL /NOLOGO kernel32.lib user32.lib gdi32.lib winspool.lib comdlg32.lib advapi32.lib shell32.lib ole32.lib oleaut32.lib uuid.lib odbc32.lib odbccp32.lib /MANIFEST /ManifestFile:"Debug\234101063_Digit Recognition.exe.intermediate.manifest" /MANIFESTUAC:"level='asInvoker' uiAccess='false'" /DEBUG /PDB:"C:\Users\shant\onedrive\documents\visual studio 2010\Projects\234101063_Digit Recognition\Debug\234101063_Digit Recognition.pdb" /SUBSYSTEM:CONSOLE /TLBID:1 /DYNAMICBASE /NXCOMPAT /IMPLIB:"C:\Users\shant\onedrive\documents\visual studio 2010\Projects\234101063_Digit Recognition\Debug\234101063_Digit Recognition.lib" /MACHINE:X86 "Debug\234101063_Digit Recognition.exe.embed.manifest.res"
         "Debug\234101063_Digit Recognition.obj"
         Debug\stdafx.obj
       Manifest:
         C:\Program Files (x86)\Microsoft SDKs\Windows\v7.0A\bin\mt.exe /nologo /verbose /out:"Debug\234101063_Digit Recognition.exe.embed.manifest" /manifest "Debug\234101063_Digit Recognition.exe.intermediate.manifest"
         All outputs are up-to-date.
       LinkEmbedManifest:
         All outputs are up-to-date.
         234101063_Digit Recognition.vcxproj -> C:\Users\shant\onedrive\documents\visual studio 2010\Projects\234101063_Digit Recognition\Debug\234101063_Digit Recognition.exe
       FinalizeBuildStatus:
         Deleting file "Debug\234101063_Digit Recognition.unsuccessfulbuild".
         Touching "Debug\234101063_Digit Recognition.lastbuildstate".
     1>Done Building Project "C:\Users\shant\OneDrive\documents\visual studio 2010\Projects\234101063_Digit Recognition\234101063_Digit Recognition\234101063_Digit Recognition.vcxproj" (build target(s)).

Build succeeded.

Time Elapsed 00:00:00.86
